"../../../Engine/Content/Animation/DefaultAnimCurveCompressionSettings.uasset" 0
"../../../Engine/Content/ArtTools/RenderToTexture/Enums/RenderToTexture_Enum.uasset" 1
"../../../Engine/Content/ArtTools/RenderToTexture/Enums/RenderToTexture_Flipbook_Enum.uasset" 2
"../../../Engine/Content/ArtTools/RenderToTexture/Enums/RenderToTexture_Imposter_Enum.uasset" 3
"../../../Engine/Content/EditorBlueprintResources/StandardMacros.uasset" 4
"../../../Engine/Content/ArtTools/RenderToTexture/Enums/EIntTypes.uasset" 5
"../../../Engine/Content/ArtTools/RenderToTexture/Macros/RenderToTextureFunctionLibrary.uasset" 6
"../../../Engine/Content/ArtTools/RenderToTexture/Enums/EFloatTypes.uasset" 7
"../../../Engine/Content/ArtTools/RenderToTexture/Macros/RenderToTextureMacros.uasset" 8
"../../../Engine/Content/Functions/Engine_MaterialFunctions01/Opacity/CameraDepthFade.uasset" 9
"../../../Engine/Content/EngineMaterials/T_Default_Material_Grid_M.uasset" 10
"../../../Engine/Content/EngineMaterials/T_Default_Material_Grid_N.uasset" 11
"../../../Engine/Content/EngineMaterials/WorldGridMaterial.uasset" 12
"../../../Engine/Content/ArtTools/RenderToTexture/Meshes/S_1_Unit_Plane.uasset" 13
"../../../Engine/Content/EngineMaterials/DefaultMaterial.uasset" 14
"../../../Engine/Content/BasicShapes/Cone.uasset" 15
"../../../Engine/Content/BasicShapes/Cube.uasset" 16
"../../../Engine/Content/BasicShapes/Cylinder.uasset" 17
"../../../Engine/Content/BasicShapes/Plane.uasset" 18
"../../../Engine/Content/BasicShapes/Sphere.uasset" 19
"../../../Engine/Content/EngineMaterials/DefaultPhysicalMaterial.uasset" 20
"../../../Engine/Content/BufferVisualization/AmbientOcclusion.uasset" 21
"../../../Engine/Content/BufferVisualization/BaseColor.uasset" 22
"../../../Engine/Content/BufferVisualization/CustomDepth.uasset" 23
"../../../Engine/Content/Functions/Engine_MaterialFunctions02/Utility/VectorLength.uasset" 24
"../../../Engine/Content/BufferVisualization/CustomDepthWorldUnits.uasset" 25
"../../../Engine/Content/Functions/Engine_MaterialFunctions02/Utility/BreakOutFloat2Components.uasset" 26
"../../../Engine/Content/Functions/Engine_MaterialFunctions01/Texturing/ScaleUVsByCenter.uasset" 27
"../../../Engine/Content/Functions/Engine_MaterialFunctions02/ScreenResolution.uasset" 28
"../../../Engine/Content/Functions/Engine_MaterialFunctions02/Texturing/ScreenAlignedUVs.uasset" 29
"../../../Engine/Content/Functions/Engine_MaterialFunctions02/Utility/MakeFloat2.uasset" 30
"../../../Engine/Content/Functions/Engine_MaterialFunctions02/Utility/MakeFloat3.uasset" 31
"../../../Engine/Content/EngineMaterials/MiniFont.uasset" 32
"../../../Engine/Content/BufferVisualization/CustomStencil.uasset" 33
"../../../Engine/Content/BufferVisualization/FinalImage.uasset" 34
"../../../Engine/Content/BufferVisualization/LightingModel.uasset" 35
"../../../Engine/Content/BufferVisualization/MaterialAO.uasset" 36
"../../../Engine/Content/BufferVisualization/Metallic.uasset" 37
"../../../Engine/Content/BufferVisualization/Opacity.uasset" 38
"../../../Engine/Content/BufferVisualization/PostTonemapHDRColor.uasset" 39
"../../../Engine/Content/BufferVisualization/PreTonemapHDRColor.uasset" 40
"../../../Engine/Content/BufferVisualization/Roughness.uasset" 41
"../../../Engine/Content/BufferVisualization/SceneColor.uasset" 42
"../../../Engine/Content/BufferVisualization/SceneDepth.uasset" 43
"../../../Engine/Content/BufferVisualization/SceneDepthWorldUnits.uasset" 44
"../../../Engine/Content/BufferVisualization/SeparateTranslucencyA.uasset" 45
"../../../Engine/Content/BufferVisualization/SeparateTranslucencyRGB.uasset" 46
"../../../Engine/Content/BufferVisualization/Specular.uasset" 47
"../../../Engine/Content/BufferVisualization/SubsurfaceColor.uasset" 48
"../../../Engine/Content/BufferVisualization/Velocity.uasset" 49
"../../../Engine/Content/BufferVisualization/WorldNormal.uasset" 50
"../../../Engine/Content/EditorBlueprintResources/ActorMacros.uasset" 51
"../../../Engine/Content/EditorLandscapeResources/DataLayer.uasset" 52
"../../../Engine/Content/EditorLandscapeResources/DefaultAlphaTexture.uasset" 53
"../../../Engine/Content/EditorLandscapeResources/LandscapeGizmoHeight_Mat.uasset" 54
"../../../Engine/Content/EditorLandscapeResources/LandscapeGizmo_Mat.uasset" 55
"../../../Engine/Content/EditorLandscapeResources/LandscapeGizmo_Mat_Copied.uasset" 56
"../../../Engine/Content/EditorLandscapeResources/SplineEditorMeshMat.uasset" 57
"../../../Engine/Content/EditorLandscapeResources/SplineEditorMesh.uasset" 58
"../../../Engine/Content/EditorMaterials/Cross.uasset" 59
"../../../Engine/Content/EditorMaterials/Cross_Mat.uasset" 60
"../../../Engine/Content/EditorMaterials/GizmoMaterial.uasset" 61
"../../../Engine/Content/Functions/Engine_MaterialFunctions02/ExampleContent/Textures/flipbook.uasset" 62
"../../../Engine/Content/Functions/Engine_MaterialFunctions02/Texturing/FlipBook.uasset" 63
"../../../Engine/Content/Functions/Engine_MaterialFunctions02/Utility/Sign.uasset" 64
"../../../Engine/Content/Functions/Engine_MaterialFunctions02/Utility/Round.uasset" 65
"../../../Engine/Content/EditorResources/T_EditorHelp.uasset" 66
"../../../Engine/Content/EditorMaterials/HelpActorMaterial.uasset" 67
"../../../Engine/Content/EditorMaterials/CompositeARGBLayer.uasset" 68
"../../../Engine/Content/EditorMaterials/TilingAALineIntegral.uasset" 69
"../../../Engine/Content/EditorMaterials/TilingAALineBoxFiltered.uasset" 70
"../../../Engine/Content/Functions/Engine_MaterialFunctions03/Procedurals/ComputeFilterWidth.uasset" 71
"../../../Engine/Content/EditorMaterials/TilingAADots.uasset" 72
"../../../Engine/Content/EngineMaterials/BlendFunc_DefBase.uasset" 73
"../../../Engine/Content/EngineMaterials/BlendFunc_DefBlend.uasset" 74
"../../../Engine/Content/Functions/Engine_MaterialFunctions03/Blends/Blend_Screen.uasset" 75
"../../../Engine/Content/EditorMaterials/TilingAAGrid.uasset" 76
"../../../Engine/Content/EditorMaterials/LevelGridMaterial.uasset" 77
"../../../Engine/Content/EditorMaterials/MakeCompositeARGBLayer.uasset" 78
"../../../Engine/Content/EditorResources/LevelGrid1DStripes.uasset" 79
"../../../Engine/Content/EditorMaterials/TextureGridCascaded1D.uasset" 80
"../../../Engine/Content/EditorMaterials/TextureGridCascaded2D.uasset" 81
"../../../Engine/Content/EditorMaterials/LevelGridMaterial2.uasset" 82
"../../../Engine/Content/EditorMaterials/MAT_Groups_Toggle.uasset" 83
"../../../Engine/Content/EditorMaterials/MAT_Groups_Visibility.uasset" 84
"../../../Engine/Content/EditorMaterials/AntialiasedGridFloor.uasset" 85
"../../../Engine/Content/EditorResources/TilePatine_D.uasset" 86
"../../../Engine/Content/EditorResources/TilePatine_N.uasset" 87
"../../../Engine/Content/EngineMaterials/Grid.uasset" 88
"../../../Engine/Content/EditorMaterials/PersonaFloorMat.uasset" 89
"../../../Engine/Content/EditorMaterials/PhAT_BoneSelectedMaterial.uasset" 90
"../../../Engine/Content/EditorMaterials/PhAT_ElemSelectedMaterial.uasset" 91
"../../../Engine/Content/EditorMaterials/PhAT_NoCollisionMaterial.uasset" 92
"../../../Engine/Content/EditorMaterials/PhAT_UnselectedMaterial.uasset" 93
"../../../Engine/Content/EditorMaterials/PreviewShadowIndicator.uasset" 94
"../../../Engine/Content/EditorMaterials/PreviewShadowIndicatorMaterial.uasset" 95
"../../../Engine/Content/EditorMaterials/TargetIcon.uasset" 96
"../../../Engine/Content/EditorMaterials/Tick.uasset" 97
"../../../Engine/Content/EditorMaterials/Tick_Mat.uasset" 98
"../../../Engine/Content/EditorMaterials/WidgetGridVertexColorMaterial.uasset" 99
"../../../Engine/Content/EditorMaterials/WidgetGridVertexColorMaterial_Ma.uasset" 100
"../../../Engine/Content/EditorMaterials/WidgetMaterial.uasset" 101
"../../../Engine/Content/EditorMaterials/WidgetMaterial_Current.uasset" 102
"../../../Engine/Content/EditorMaterials/WidgetMaterial_X.uasset" 103
"../../../Engine/Content/EditorMaterials/WidgetMaterial_Y.uasset" 104
"../../../Engine/Content/EditorMaterials/WidgetMaterial_Z.uasset" 105
"../../../Engine/Content/EditorMaterials/WidgetVertexColorMaterial.uasset" 106
"../../../Engine/Content/EditorMaterials/Cascade/CASC_Cross.uasset" 107
"../../../Engine/Content/EditorMaterials/Cascade/CASC_CurveEd.uasset" 108
"../../../Engine/Content/EditorMaterials/Cascade/CASC_DisabledModule.uasset" 109
"../../../Engine/Content/EditorMaterials/Cascade/CASC_Lights.uasset" 110
"../../../Engine/Content/EditorMaterials/Cascade/CASC_ModuleDisable.uasset" 111
"../../../Engine/Content/EditorMaterials/Cascade/CASC_ModuleEnable.uasset" 112
"../../../Engine/Content/EditorMaterials/Cascade/CASC_None.uasset" 113
"../../../Engine/Content/EditorMaterials/Cascade/CASC_Normal.uasset" 114
"../../../Engine/Content/EditorMaterials/Cascade/CASC_Point.uasset" 115
"../../../Engine/Content/EditorMaterials/Cascade/CASC_Solo_Off.uasset" 116
"../../../Engine/Content/EditorMaterials/Cascade/CASC_Solo_On.uasset" 117
"../../../Engine/Content/EditorMaterials/MatineeGroups/MAT_ColorTrack.uasset" 118
"../../../Engine/Content/EditorMaterials/MatineeGroups/MAT_Groups_Anim.uasset" 119
"../../../Engine/Content/EditorMaterials/MatineeGroups/MAT_Groups_AudioMaster.uasset" 120
"../../../Engine/Content/EditorMaterials/MatineeGroups/MAT_Groups_Director.uasset" 121
"../../../Engine/Content/EditorMaterials/MatineeGroups/MAT_Groups_Event.uasset" 122
"../../../Engine/Content/EditorMaterials/MatineeGroups/MAT_Groups_Fade.uasset" 123
"../../../Engine/Content/EditorMaterials/MatineeGroups/MAT_Groups_Float.uasset" 124
"../../../Engine/Content/EditorMaterials/MatineeGroups/MAT_Groups_Move.uasset" 125
"../../../Engine/Content/EditorMaterials/MatineeGroups/MAT_Groups_Slomo.uasset" 126
"../../../Engine/Content/EditorMaterials/MatineeGroups/MAT_Groups_Sound.uasset" 127
"../../../Engine/Content/EditorMaterials/MatineeGroups/MAT_Groups_Vector.uasset" 128
"../../../Engine/Content/EditorMaterials/ParticleSystems/PSysThumbnail_NoImage.uasset" 129
"../../../Engine/Content/EditorMaterials/ParticleSystems/PSysThumbnail_OOD.uasset" 130
"../../../Engine/Content/EditorMaterials/Thumbnails/FloorPlaneMaterial.uasset" 131
"../../../Engine/Content/EditorMeshes/AnimTreeEd_PreviewFloor.uasset" 132
"../../../Engine/Content/EditorMeshes/EditorCube.uasset" 133
"../../../Engine/Content/EditorMeshes/EditorCylinder.uasset" 134
"../../../Engine/Content/EditorMeshes/EditorPlane.uasset" 135
"../../../Engine/Content/EditorMaterials/Thumbnails/SkySphereMaterial.uasset" 136
"../../../Engine/Content/EditorMeshes/EditorSkySphere.uasset" 137
"../../../Engine/Content/EditorMeshes/EditorSphere.uasset" 138
"../../../Engine/Content/EditorResources/MatineeCam_D.uasset" 139
"../../../Engine/Content/EditorMaterials/MatineeCam_mat.uasset" 140
"../../../Engine/Content/EditorMeshes/MatineeCam_SM.uasset" 141
"../../../Engine/Content/Functions/Engine_MaterialFunctions01/Shading/ConvertFromDiffSpec.uasset" 142
"../../../Engine/Content/EditorMaterials/GridMaterial.uasset" 143
"../../../Engine/Content/EditorMeshes/PhAT_FloorBox.uasset" 144
"../../../Engine/Content/EditorMeshes/PlanarReflectionPlane.uasset" 145
"../../../Engine/Content/EditorMaterials/Camera/CineMat.uasset" 146
"../../../Engine/Content/EditorMaterials/Camera/MI_CineMat_CameraBody.uasset" 147
"../../../Engine/Content/EngineDebugMaterials/M_SimpleOpaque.uasset" 148
"../../../Engine/Content/EditorMaterials/Camera/MI_CineMat_CamViewFinder.uasset" 149
"../../../Engine/Content/EditorMeshes/Camera/SM_CineCam.uasset" 150
"../../../Engine/Content/EditorMaterials/Camera/MI_CineMat_Rig.uasset" 151
"../../../Engine/Content/EditorMeshes/Camera/SM_CraneRig_Arm.uasset" 152
"../../../Engine/Content/EditorMeshes/Camera/SM_CraneRig_Base.uasset" 153
"../../../Engine/Content/EditorMeshes/Camera/SM_CraneRig_Body.uasset" 154
"../../../Engine/Content/EditorMeshes/Camera/SM_CraneRig_Mount.uasset" 155
"../../../Engine/Content/EditorMeshes/Camera/SM_RailRig_Mount.uasset" 156
"../../../Engine/Content/EditorMeshes/Camera/SM_RailRig_Track.uasset" 157
"../../../Engine/Content/EditorMeshes/ColorCalibrator/M_ChromeBall.uasset" 158
"../../../Engine/Content/EditorResources/Bad.uasset" 159
"../../../Engine/Content/EditorResources/BSPVertex.uasset" 160
"../../../Engine/Content/EditorResources/EmptyActor.uasset" 161
"../../../Engine/Content/EditorResources/MatInstActSprite.uasset" 162
"../../../Engine/Content/EditorResources/SceneManager.uasset" 163
"../../../Engine/Content/EditorResources/SmallFont.uasset" 164
"../../../Engine/Content/EditorResources/S_Actor.uasset" 165
"../../../Engine/Content/EditorResources/S_DecalActorIcon.uasset" 166
"../../../Engine/Content/EditorResources/S_Emitter.uasset" 167
"../../../Engine/Content/EditorResources/S_ExpoHeightFog.uasset" 168
"../../../Engine/Content/EditorResources/S_FTest.uasset" 169
"../../../Engine/Content/EditorResources/S_KBSJoint.uasset" 170
"../../../Engine/Content/EditorResources/S_KHinge.uasset" 171
"../../../Engine/Content/EditorResources/S_KPrismatic.uasset" 172
"../../../Engine/Content/EditorResources/S_LevelSequence.uasset" 173
"../../../Engine/Content/EditorResources/S_NavP.uasset" 174
"../../../Engine/Content/EditorResources/S_Note.uasset" 175
"../../../Engine/Content/EditorResources/S_Player.uasset" 176
"../../../Engine/Content/EditorResources/S_PortalActorIcon2.uasset" 177
"../../../Engine/Content/EditorResources/S_RadForce.uasset" 178
"../../../Engine/Content/EditorResources/S_ReflActorIcon.uasset" 179
"../../../Engine/Content/EditorResources/S_Terrain.uasset" 180
"../../../Engine/Content/EditorResources/S_TextRenderActorIcon.uasset" 181
"../../../Engine/Content/EditorResources/S_Thruster.uasset" 182
"../../../Engine/Content/EditorResources/S_Trigger.uasset" 183
"../../../Engine/Content/EditorResources/S_VectorFieldVol.uasset" 184
"../../../Engine/Content/EditorResources/S_WindDirectional.uasset" 185
"../../../Engine/Content/EditorResources/AI/S_NavLink.uasset" 186
"../../../Engine/Content/EditorResources/LightIcons/SkyLight.uasset" 187
"../../../Engine/Content/EditorResources/LightIcons/S_LightDirectional.uasset" 188
"../../../Engine/Content/EditorResources/LightIcons/S_LightDirectionalMove.uasset" 189
"../../../Engine/Content/EditorResources/LightIcons/S_LightError.uasset" 190
"../../../Engine/Content/EditorResources/LightIcons/S_LightPoint.uasset" 191
"../../../Engine/Content/EditorResources/LightIcons/S_LightPointMove.uasset" 192
"../../../Engine/Content/EditorResources/LightIcons/S_LightSpot.uasset" 193
"../../../Engine/Content/EditorResources/LightIcons/S_LightSpotMove.uasset" 194
"../../../Engine/Content/EditorResources/SequenceRecorder/Countdown.uasset" 195
"../../../Engine/Content/EditorResources/SequenceRecorder/RecordingIndicator.uasset" 196
"../../../Engine/Content/EditorResources/Spline/T_Loft_Spline.uasset" 197
"../../../Engine/Content/EditorSounds/Notifications/CompileFailed.uasset" 198
"../../../Engine/Content/EditorSounds/Notifications/CompileFailed_Cue.uasset" 199
"../../../Engine/Content/EditorSounds/Notifications/CompileSuccess.uasset" 200
"../../../Engine/Content/EditorSounds/Notifications/CompileStart_Cue.uasset" 201
"../../../Engine/Content/EditorSounds/Notifications/CompileSuccess_Cue.uasset" 202
"../../../Engine/Content/EngineDamageTypes/DmgTypeBP_Environmental.uasset" 203
"../../../Engine/Content/EngineDebugMaterials/HeatmapGradient.uasset" 204
"../../../Engine/Content/EngineDebugMaterials/BoneWeightMaterial.uasset" 205
"../../../Engine/Content/EngineDebugMaterials/ClothMaterial.uasset" 206
"../../../Engine/Content/EngineDebugMaterials/ClothMaterial_WF.uasset" 207
"../../../Engine/Content/EngineDebugMaterials/DebugEditorMaterial.uasset" 208
"../../../Engine/Content/EngineDebugMaterials/DebugMeshMaterial.uasset" 209
"../../../Engine/Content/EngineDebugMaterials/GeomMaterial.uasset" 210
"../../../Engine/Content/EngineDebugMaterials/LevelColorationLitMaterial.uasset" 211
"../../../Engine/Content/EngineDebugMaterials/LevelColorationUnlitMaterial.uasset" 212
"../../../Engine/Content/EngineMaterials/DefaultWhiteGrid.uasset" 213
"../../../Engine/Content/EngineDebugMaterials/MAT_LevelColorationLitLightmapUV.uasset" 214
"../../../Engine/Content/EngineDebugMaterials/M_SimpleTranslucent.uasset" 215
"../../../Engine/Content/EngineDebugMaterials/ShadedLevelColorationLitMaterial.uasset" 216
"../../../Engine/Content/EngineDebugMaterials/ShadedLevelColorationUnlitMateri.uasset" 217
"../../../Engine/Content/EngineDebugMaterials/VertexColorMaterial.uasset" 218
"../../../Engine/Content/EngineDebugMaterials/VertexColorViewMode_AlphaAsColor.uasset" 219
"../../../Engine/Content/EngineDebugMaterials/VertexColorViewMode_BlueOnly.uasset" 220
"../../../Engine/Content/EngineDebugMaterials/VertexColorViewMode_ColorOnly.uasset" 221
"../../../Engine/Content/EngineDebugMaterials/VertexColorViewMode_GreenOnly.uasset" 222
"../../../Engine/Content/EngineDebugMaterials/VertexColorViewMode_RedOnly.uasset" 223
"../../../Engine/Content/EngineDebugMaterials/WireframeMaterial.uasset" 224
"../../../Engine/Content/EngineFonts/Faces/RobotoBold.uasset" 225
"../../../Engine/Content/EngineFonts/Faces/RobotoBoldItalic.uasset" 226
"../../../Engine/Content/EngineFonts/Faces/RobotoItalic.uasset" 227
"../../../Engine/Content/EngineFonts/Faces/RobotoLight.uasset" 228
"../../../Engine/Content/EngineFonts/Faces/RobotoRegular.uasset" 229
"../../../Engine/Content/EngineFonts/Roboto.uasset" 230
"../../../Engine/Content/EngineFonts/Faces/RobotoTiny.uasset" 231
"../../../Engine/Content/EngineFonts/RobotoTiny.uasset" 232
"../../../Engine/Content/EngineFonts/SmallFont.uasset" 233
"../../../Engine/Content/EngineFonts/TinyFont.uasset" 234
"../../../Engine/Content/EngineMaterials/BaseFlattenDiffuseMap.uasset" 235
"../../../Engine/Content/EngineMaterials/BaseFlattenEmissiveMap.uasset" 236
"../../../Engine/Content/EngineMaterials/BaseFlattenGrayscaleMap.uasset" 237
"../../../Engine/Content/EngineMaterials/BaseFlattenNormalMap.uasset" 238
"../../../Engine/Content/EngineMaterials/BaseFlattenMaterial.uasset" 239
"../../../Engine/Content/EngineResources/WhiteSquareTexture.uasset" 240
"../../../Engine/Content/EngineMaterials/BlinkingCaret.uasset" 241
"../../../Engine/Content/EngineMaterials/DefaultBloomKernel.uasset" 242
"../../../Engine/Content/EngineMaterials/DefaultBokeh.uasset" 243
"../../../Engine/Content/EngineMaterials/DefaultDiffuse.uasset" 244
"../../../Engine/Content/EngineMaterials/DefaultDeferredDecalMaterial.uasset" 245
"../../../Engine/Content/EngineMaterials/DefaultLightFunctionMaterial.uasset" 246
"../../../Engine/Content/EngineMaterials/DefaultNormal.uasset" 247
"../../../Engine/Content/EngineMaterials/DefaultPostProcessMaterial.uasset" 248
"../../../Engine/Content/EngineFonts/RobotoDistanceField.uasset" 249
"../../../Engine/Content/EngineMaterials/DefaultTextMaterialOpaque.uasset" 250
"../../../Engine/Content/EngineMaterials/EditorBrushMaterial.uasset" 251
"../../../Engine/Content/EngineMaterials/Good64x64TilingNoiseHighFreq.uasset" 252
"../../../Engine/Content/EngineMaterials/Grid_N.uasset" 253
"../../../Engine/Content/EngineMaterials/HighResolutionScreenshotMaskFunction.uasset" 254
"../../../Engine/Content/EngineMaterials/HighResScreenshot.uasset" 255
"../../../Engine/Content/EngineMaterials/HighResScreenshotCaptureRegion.uasset" 256
"../../../Engine/Content/EngineMaterials/HighResScreenshotMask.uasset" 257
"../../../Engine/Content/EngineMaterials/LandscapeHolePhysicalMaterial.uasset" 258
"../../../Engine/Content/EngineMaterials/InvalidLightmapSettings.uasset" 259
"../../../Engine/Content/EngineMaterials/M_InvalidLightmapSettings.uasset" 260
"../../../Engine/Content/EngineMaterials/PaperDiffuse.uasset" 261
"../../../Engine/Content/EngineMaterials/PaperNormal.uasset" 262
"../../../Engine/Content/Functions/Engine_MaterialFunctions02/WorldPositionOffset/CameraOffset.uasset" 263
"../../../Engine/Content/EngineMaterials/PhAT_JointLimitMaterial.uasset" 264
"../../../Engine/Content/EngineMaterials/PhysMat_Rubber.uasset" 265
"../../../Engine/Content/EngineMaterials/PreintegratedSkinBRDF.uasset" 266
"../../../Engine/Content/EngineMaterials/RemoveSurfaceMaterial.uasset" 267
"../../../Engine/Content/EngineMaterials/WeightMapPlaceholderTexture.uasset" 268
"../../../Engine/Content/EngineMaterials/Widget3DPassThrough.uasset" 269
"../../../Engine/Content/EngineMaterials/Widget3DPassThrough_Masked.uasset" 270
"../../../Engine/Content/EngineMaterials/Widget3DPassThrough_Opaque.uasset" 271
"../../../Engine/Content/EngineMaterials/Widget3DPassThrough_Masked_OneSided.uasset" 272
"../../../Engine/Content/EngineMaterials/Widget3DPassThrough_Opaque_OneSided.uasset" 273
"../../../Engine/Content/EngineMaterials/Widget3DPassThrough_Translucent.uasset" 274
"../../../Engine/Content/EngineMaterials/Widget3DPassThrough_Translucent_OneSided.uasset" 275
"../../../Engine/Content/EngineMeshes/Cylinder.uasset" 276
"../../../Engine/Content/EngineMeshes/Sphere.uasset" 277
"../../../Engine/Content/EngineResources/Black.uasset" 278
"../../../Engine/Content/EngineResources/DefaultTexture.uasset" 279
"../../../Engine/Content/EngineResources/DefaultTextureCube.uasset" 280
"../../../Engine/Content/EngineResources/DefaultVolumeTexture2D.uasset" 281
"../../../Engine/Content/EngineResources/DefaultVolumeTexture.uasset" 282
"../../../Engine/Content/EngineResources/GradientTexture0.uasset" 283
"../../../Engine/Content/EngineResources/StreamingPauseIcon.uasset" 284
"../../../Engine/Content/EngineResources/M_StreamingPause.uasset" 285
"../../../Engine/Content/EngineSounds/Master.uasset" 286
"../../../Engine/Content/Functions/Engine_MaterialFunctions01/Shading/PowerToRoughness.uasset" 287
"../../../Engine/Content/Maps/Templates/Thumbnails/Default.uasset" 288
"../../../Engine/Content/Maps/Templates/Thumbnails/VR-Basic.uasset" 289
"../../../Engine/Content/MapTemplates/Sky/DaylightAmbientCubemap.uasset" 290
"../../../Engine/Content/MobileResources/T_MobileControls_texture.uasset" 291
"../../../Engine/Content/MobileResources/T_MobileMenu2.uasset" 292
"../../../Engine/Content/MobileResources/HUD/AnalogHat.uasset" 293
"../../../Engine/Content/MobileResources/HUD/VirtualJoystick_Background.uasset" 294
"../../../Engine/Content/MobileResources/HUD/VirtualJoystick_Thumb.uasset" 295
"../../../Engine/Content/MobileResources/HUD/DefaultVirtualJoysticks.uasset" 296
"../../../Engine/Content/MobileResources/HUD/LeftVirtualJoystickOnly.uasset" 297
"../../../Engine/Content/MobileResources/HUD/MobileHUDButton1_off.uasset" 298
"../../../Engine/Content/MobileResources/HUD/MobileHUDButton1_on.uasset" 299
"../../../Engine/Content/MobileResources/HUD/MobileHUDButton2_off.uasset" 300
"../../../Engine/Content/MobileResources/HUD/MobileHUDButton2_on.uasset" 301
"../../../Engine/Content/MobileResources/HUD/MobileHUDButton3.uasset" 302
"../../../Engine/Content/MobileResources/HUD/MobileHUDButtonFire.uasset" 303
"../../../Engine/Content/MobileResources/HUD/MobileHUDDirectionPad.uasset" 304
"../../../Engine/Content/MobileResources/HUD/MobileHUDDirectionPad2.uasset" 305
"../../../Engine/Content/MobileResources/HUD/MobileHUDDirectionPad3.uasset" 306
"../../../Engine/Content/MobileResources/HUD/MobileHUDDirectionStick.uasset" 307
"../../../Engine/Content/MobileResources/HUD/T_Castle_ThumbstickInner.uasset" 308
"../../../Engine/Content/MobileResources/HUD/T_Castle_ThumbstickOutter.uasset" 309
"../../../Engine/Content/Tutorial/ContentIntroCurve.uasset" 310
"../../../Engine/Content/Tutorial/Basics/LevelEditorAttract.uasset" 311
"../../../Engine/Content/Tutorial/Basics/TutorialAssets/icon_tab_Levels_40x.uasset" 312
"../../../Engine/Content/Tutorial/Basics/LevelEditorOverview.uasset" 313
"../../../Engine/Content/Tutorial/BlueprintTutorials/TutorialAssets/Blueprint_64x.uasset" 314
"../../../Engine/Content/Tutorial/BlueprintTutorials/BlueprintEditorTutorial.uasset" 315
"../../../Engine/Content/Tutorial/BlueprintTutorials/TutorialAssets/Tutorial_BP_MacroLib.uasset" 316
"../../../Engine/Content/Tutorial/Installation/InstallingVisualStudioTutorial.uasset" 317
"../../../Engine/Content/Tutorial/SubEditors/ParticleSystemEditorTutorial.uasset" 318
"../../../Engine/Content/Tutorial/SubEditors/TutorialAssets/T_SmokeSubUV_8X8.uasset" 319
"../../../Engine/Content/Tutorial/SubEditors/TutorialAssets/T_soft_smoke.uasset" 320
"../../../Engine/Content/Tutorial/SubEditors/TutorialAssets/M_smoke_subUV_blackbody.uasset" 321
"../../../Engine/Content/Tutorial/SubEditors/TutorialAssets/TutorialParticleSystem.uasset" 322
"../../../Engine/Content/VREditor/LaserPointer/VR_LaserPower_01.uasset" 323
"../../../Engine/Content/VREditor/TransformGizmo/TransformGizmoMaterial.uasset" 324
"../../../Engine/Content/VREditor/TransformGizmo/TranslucentTransformGizmoMaterial.uasset" 325
"../../../Engine/Content/VREditor/TransformGizmo/BoundingBoxCorner.uasset" 326
"../../../Engine/Content/VREditor/TransformGizmo/BoundingBoxEdge.uasset" 327
"../../../Engine/Content/VREditor/TransformGizmo/PlaneTranslationHandle.uasset" 328
"../../../Engine/Content/VREditor/TransformGizmo/Main.uasset" 329
"../../../Engine/Content/VREditor/TransformGizmo/Xray.uasset" 330
"../../../Engine/Content/VREditor/TransformGizmo/SM_Sequencer_Key.uasset" 331
"../../../Engine/Content/VREditor/TransformGizmo/SM_Sequencer_Node.uasset" 332
"D:/Unreal Projects/Map_Tutorial/Content/StarterContent/Textures/T_Smoke_SubUV.uasset" 333
"D:/Unreal Projects/Map_Tutorial/Content/StarterContent/Textures/T_Smoke_Tiled_D.uasset" 334
"D:/Unreal Projects/Map_Tutorial/Content/StarterContent/Particles/Materials/M_smoke_subUV.uasset" 335
"D:/Unreal Projects/Map_Tutorial/Content/StarterContent/Particles/P_Smoke.uasset" 336
"D:/Unreal Projects/Map_Tutorial/Content/Mannequin/Character/Mesh/UE4_Mannequin_Skeleton.uasset" 337
"D:/Unreal Projects/Map_Tutorial/Content/Mannequin/Animations/ThirdPerson_Jump.uasset" 338
"D:/Unreal Projects/Map_Tutorial/Content/Mannequin/Animations/ThirdPersonJump_Loop.uasset" 339
"D:/Unreal Projects/Map_Tutorial/Content/Mannequin/Animations/ThirdPersonJump_Start.uasset" 340
"D:/Unreal Projects/Map_Tutorial/Content/Mannequin/Animations/ThirdPersonIdle.uasset" 341
"D:/Unreal Projects/Map_Tutorial/Content/Mannequin/Animations/ThirdPersonRun.uasset" 342
"D:/Unreal Projects/Map_Tutorial/Content/Mannequin/Animations/ThirdPersonWalk.uasset" 343
"D:/Unreal Projects/Map_Tutorial/Content/Mannequin/Animations/ThirdPerson_IdleRun_2D.uasset" 344
"D:/Unreal Projects/Map_Tutorial/Content/Mannequin/Animations/ThirdPerson_AnimBP.uasset" 345
"../../../Engine/Content/Functions/Engine_MaterialFunctions01/Gradient/RadialGradient.uasset" 346
"D:/Unreal Projects/Map_Tutorial/Content/StarterContent/Particles/Materials/M_Radial_Gradient.uasset" 347
"D:/Unreal Projects/Map_Tutorial/Content/StarterContent/Textures/T_Spark_Core.uasset" 348
"D:/Unreal Projects/Map_Tutorial/Content/StarterContent/Particles/Materials/M_Spark.uasset" 349
"D:/Unreal Projects/Map_Tutorial/Content/StarterContent/Particles/P_Sparks.uasset" 350
"D:/Unreal Projects/Map_Tutorial/Content/WorldMapSystem/Actors/Bp_Marker.uasset" 351
"D:/Unreal Projects/Map_Tutorial/Content/StarterContent/Particles/P_AreaSmoke.uasset" 352
"D:/Unreal Projects/Map_Tutorial/Content/WorldMapSystem/Actors/Bp_UndiscoveredArea.uasset" 353
"D:/Unreal Projects/Map_Tutorial/Content/WorldMapSystem/Textures/Icon_Marker.uasset" 354
"D:/Unreal Projects/Map_Tutorial/Content/WorldMapSystem/Widgets/W_Marker.uasset" 355
"D:/Unreal Projects/Map_Tutorial/Content/WorldMapSystem/Textures/Icon_Player.uasset" 356
"D:/Unreal Projects/Map_Tutorial/Content/WorldMapSystem/Textures/MapImage.uasset" 357
"../../../Engine/Content/Functions/Engine_MaterialFunctions01/Density/ExponentialDensity.uasset" 358
"../../../Engine/Content/Functions/Engine_MaterialFunctions01/Gradient/RadialGradientExponential.uasset" 359
"D:/Unreal Projects/Map_Tutorial/Content/WorldMapSystem/Materials/M_UndiscoveredArea.uasset" 360
"D:/Unreal Projects/Map_Tutorial/Content/WorldMapSystem/Widgets/W_UndiscoveredArea.uasset" 361
"D:/Unreal Projects/Map_Tutorial/Content/WorldMapSystem/Widgets/W_WorldMap.uasset" 362
"D:/Unreal Projects/Map_Tutorial/Content/WorldMapSystem/Structures/S_MarkerInfo.uasset" 363
"D:/Unreal Projects/Map_Tutorial/Content/WorldMapSystem/Widgets/W_Main.uasset" 364
"D:/Unreal Projects/Map_Tutorial/Content/WorldMapSystem/Actors/BpC_WorldMap.uasset" 365
"../../../Engine/Content/Functions/Engine_MaterialFunctions02/Utility/BlendAngleCorrectedNormals.uasset" 366
"../../../Engine/Content/Functions/MaterialLayerFunctions/MatLayerBlend_NormalBlend.uasset" 367
"../../../Engine/Content/Functions/MaterialLayerFunctions/MatLayerBlend_Simple.uasset" 368
"D:/Unreal Projects/Map_Tutorial/Content/Mannequin/Character/Materials/MaterialLayers/T_ML_Rubber_Blue_01_D.uasset" 369
"D:/Unreal Projects/Map_Tutorial/Content/Mannequin/Character/Materials/MaterialLayers/T_ML_Rubber_Blue_01_N.uasset" 370
"D:/Unreal Projects/Map_Tutorial/Content/Mannequin/Character/Materials/MaterialLayers/ML_GlossyBlack_Latex_UE4.uasset" 371
"D:/Unreal Projects/Map_Tutorial/Content/Mannequin/Character/Materials/MaterialLayers/ML_Plastic_Shiny_Beige.uasset" 372
"D:/Unreal Projects/Map_Tutorial/Content/Mannequin/Character/Textures/UE4_LOGO_CARD.uasset" 373
"D:/Unreal Projects/Map_Tutorial/Content/Mannequin/Character/Materials/MaterialLayers/ML_Plastic_Shiny_Beige_LOGO.uasset" 374
"D:/Unreal Projects/Map_Tutorial/Content/Mannequin/Character/Materials/MaterialLayers/T_ML_Aluminum01.uasset" 375
"D:/Unreal Projects/Map_Tutorial/Content/Mannequin/Character/Materials/MaterialLayers/T_ML_Aluminum01_N.uasset" 376
"D:/Unreal Projects/Map_Tutorial/Content/Mannequin/Character/Materials/MaterialLayers/ML_SoftMetal_UE4.uasset" 377
"D:/Unreal Projects/Map_Tutorial/Content/Mannequin/Character/Textures/UE4_Mannequin__normals.uasset" 378
"D:/Unreal Projects/Map_Tutorial/Content/Mannequin/Character/Textures/UE4_Mannequin_MAT_MASKA.uasset" 379
"D:/Unreal Projects/Map_Tutorial/Content/Mannequin/Character/Materials/M_UE4Man_Body.uasset" 380
"D:/Unreal Projects/Map_Tutorial/Content/Mannequin/Character/Textures/UE4Man_Logo_N.uasset" 381
"D:/Unreal Projects/Map_Tutorial/Content/Mannequin/Character/Materials/M_UE4Man_ChestLogo.uasset" 382
"D:/Unreal Projects/Map_Tutorial/Content/Mannequin/Character/Mesh/SK_Mannequin_PhysicsAsset.uasset" 383
"D:/Unreal Projects/Map_Tutorial/Content/Mannequin/Character/Mesh/SK_Mannequin.uasset" 384
"D:/Unreal Projects/Map_Tutorial/Content/ThirdPersonBP/Blueprints/ThirdPersonCharacter.uasset" 385
"D:/Unreal Projects/Map_Tutorial/Content/ThirdPersonBP/Blueprints/ThirdPersonGameMode.uasset" 386
"../../Plugins/2D/Paper2D/Content/PlaceholderTextures/DummySpriteTexture.uasset" 387
"../../Plugins/2D/Paper2D/Content/DummySprite.uasset" 388
"../../Plugins/2D/Paper2D/Content/DefaultPaperTerrainMaterial.uasset" 389
"../../Plugins/2D/Paper2D/Content/DefaultSpriteMaterial.uasset" 390
"../../Plugins/2D/Paper2D/Content/MaskedUnlitSpriteMaterial.uasset" 391
"../../Plugins/2D/Paper2D/Content/OpaqueUnlitSpriteMaterial.uasset" 392
"../../Plugins/Enterprise/DatasmithContent/Content/Blueprints/FBXImporter/ArrayOfActor.uasset" 393
"../../Plugins/Enterprise/DatasmithContent/Content/Blueprints/FBXImporter/ArrayOfSwitch.uasset" 394
"../../Plugins/Enterprise/DatasmithContent/Content/Blueprints/FBXImporter/BP_SceneNode.uasset" 395
"../../Plugins/Enterprise/DatasmithContent/Content/Blueprints/FBXImporter/BP_Switch.uasset" 396
"../../Plugins/Enterprise/DatasmithContent/Content/Blueprints/FBXImporter/BP_SceneRoot.uasset" 397
"../../Plugins/Enterprise/DatasmithContent/Content/Blueprints/FBXImporter/FBXImporterUtils.uasset" 398
"../../Plugins/Enterprise/DatasmithContent/Content/Blueprints/FBXImporter/Animation/DeltaGenAnimationTrackType.uasset" 399
"../../Plugins/Enterprise/DatasmithContent/Content/Blueprints/FBXImporter/Animation/VREDAnimationTrackComponent.uasset" 400
"../../Plugins/Enterprise/DatasmithContent/Content/Blueprints/FBXImporter/Animation/VREDAnimationTrackType.uasset" 401
"../../Plugins/Enterprise/DatasmithContent/Content/Blueprints/FBXImporter/Animation/VREDAnimCurveComponent.uasset" 402
"../../Plugins/Enterprise/DatasmithContent/Content/Blueprints/FBXImporter/Animation/VREDAnimCurveType.uasset" 403
"../../Plugins/Enterprise/DatasmithContent/Content/Blueprints/FBXImporter/Variants/VariantSwitchType.uasset" 404
"../../Plugins/Enterprise/DatasmithContent/Content/Blueprints/FBXImporter/Variants/VREDVariantSwitchType.uasset" 405
"../../Plugins/Enterprise/DatasmithContent/Content/Blueprints/FBXImporter/Variants/VREDVariantType.uasset" 406
"../../Plugins/Runtime/Oculus/OculusVR/Content/OculusMR_RenderTarget.uasset" 407
"../../../Engine/Content/Functions/Engine_MaterialFunctions02/Utility/BreakOutFloat4Components.uasset" 408
"../../Plugins/Runtime/Oculus/OculusVR/Content/Materials/OculusMR_ChromaKey.uasset" 409
"../../Plugins/Runtime/Oculus/OculusVR/Content/Materials/OculusMR_ChromaKey_Lit.uasset" 410
"../../Plugins/Runtime/Oculus/OculusVR/Content/Materials/OculusMR_OpaqueColoredMaterial.uasset" 411
"../../Plugins/Runtime/Oculus/OculusVR/Content/Materials/OculusMR_WhiteMaterial.uasset" 412
"../../Plugins/Runtime/Oculus/OculusVR/Content/Materials/PokeAHoleMaterial.uasset" 413
"../../Plugins/Runtime/Oculus/OculusVR/Content/Textures/GearVRController_AO.uasset" 414
"../../Plugins/Runtime/Oculus/OculusVR/Content/Textures/GearVRController_Color.uasset" 415
"../../Plugins/Runtime/Oculus/OculusVR/Content/Textures/GearVRController_Normal.uasset" 416
"../../Plugins/Runtime/Oculus/OculusVR/Content/Materials/GearVRControllerMaterial.uasset" 417
"../../Plugins/Runtime/Oculus/OculusVR/Content/Meshes/GearVrController.uasset" 418
"../../Plugins/Runtime/Oculus/OculusVR/Content/Textures/touchController_albedo.uasset" 419
"../../Plugins/Runtime/Oculus/OculusVR/Content/Textures/touchController_controlmap.uasset" 420
"../../Plugins/Runtime/Oculus/OculusVR/Content/Materials/touchController_mat.uasset" 421
"../../Plugins/Runtime/Oculus/OculusVR/Content/Meshes/LeftTouchController.uasset" 422
"../../Plugins/Runtime/Oculus/OculusVR/Content/Meshes/RiftHMD.uasset" 423
"../../Plugins/Runtime/Oculus/OculusVR/Content/Meshes/RightTouchController.uasset" 424
"../../../Engine/Content/Maps/Entry_BuiltData.uasset" 425
"../../../Engine/Content/Maps/Entry.umap" 426
"../../../Engine/Content/EngineSky/C_Sky_Cloud_Color.uasset" 427
"../../../Engine/Content/EngineSky/C_Sky_Horizon_Color.uasset" 428
"../../../Engine/Content/EngineSky/C_Sky_Zenith_Color.uasset" 429
"../../../Engine/Content/EngineSky/T_Sky_Blue.uasset" 430
"../../../Engine/Content/EngineSky/T_Sky_Clouds_M.uasset" 431
"../../../Engine/Content/EngineSky/T_Sky_Stars.uasset" 432
"../../../Engine/Content/EngineSky/M_Sky_Panning_Clouds2.uasset" 433
"../../../Engine/Content/EngineSky/SM_SkySphere.uasset" 434
"../../../Engine/Content/EngineSky/BP_Sky_Sphere.uasset" 435
"D:/Unreal Projects/Map_Tutorial/Content/WorldMapSystem/RenderTarget/WorldRenderTarget.uasset" 436
"D:/Unreal Projects/Map_Tutorial/Content/WorldMapSystem/Actors/Bp_WorldCapture.uasset" 437
"D:/Unreal Projects/Map_Tutorial/Content/ThirdPersonBP/Maps/ThirdPersonExampleMap_BuiltData.uasset" 438
"D:/Unreal Projects/Map_Tutorial/Content/StarterContent/Textures/T_Perlin_Noise_M.uasset" 439
"D:/Unreal Projects/Map_Tutorial/Content/StarterContent/Textures/T_Water_M.uasset" 440
"D:/Unreal Projects/Map_Tutorial/Content/StarterContent/Textures/T_Water_N.uasset" 441
"D:/Unreal Projects/Map_Tutorial/Content/StarterContent/Materials/M_Water_Ocean.uasset" 442
"D:/Unreal Projects/Map_Tutorial/Content/Geometry/Meshes/CubeMaterial.uasset" 443
"D:/Unreal Projects/Map_Tutorial/Content/Geometry/Meshes/1M_Cube.uasset" 444
"D:/Unreal Projects/Map_Tutorial/Content/Geometry/Meshes/TemplateFloor.uasset" 445
"D:/Unreal Projects/Map_Tutorial/Content/ThirdPerson/Meshes/RampMaterial.uasset" 446
"D:/Unreal Projects/Map_Tutorial/Content/ThirdPerson/Meshes/Bump_StaticMesh.uasset" 447
"D:/Unreal Projects/Map_Tutorial/Content/ThirdPersonBP/Maps/ThirdPersonExampleMap.umap" 448
